C51 COMPILER V9.01   HC245_DRIVE                                                           09/04/2020 17:31:57 PAGE 1   


C51 COMPILER V9.01, COMPILATION OF MODULE HC245_DRIVE
OBJECT MODULE PLACED IN .\HC245_drive.obj
COMPILER INVOKED BY: S:\Keil\C51\BIN\C51.EXE ..\c_and_h\HC245_drive.c BROWSE INCDIR(..\c_and_h) DEBUG OBJECTEXTEND PRINT
                    -(.\HC245_drive.lst) OBJECT(.\HC245_drive.obj)

line level    source

   1          #include <all.h>
   2          
   3          code u8 SEG_NUM_CODE[18] = { // 数字编码
   4              0x3F/*0*/,0x06/*1*/,0x5B/*2*/,0x4F/*3*/,
   5              0x66/*4*/,0x6D/*5*/,0x7D/*6*/,0x07/*7*/,
   6              0x7F/*8*/,0x6F/*9*/,0x77/*A*/,0x7C/*B*/,
   7              0x39/*C*/,0x5E/*D*/,0x79/*E*/,0x71/*F*/,
   8              0x01/*.*/,0x40/*-*/
   9          };
  10          
  11          /*
  12           * 功能说明:
  13           *      根据传入段选值控制段选信号 a ~ g,dp
  14           * 参数:
  15           *      显示的数字
  16           */
  17          void segment_select(u8 num)
  18          {
  19   1          P0 = SEG_NUM_CODE[num];
  20   1      }
  21          


MODULE INFORMATION:   STATIC OVERLAYABLE
   CODE SIZE        =      8    ----
   CONSTANT SIZE    =     18    ----
   XDATA SIZE       =   ----    ----
   PDATA SIZE       =   ----    ----
   DATA SIZE        =   ----    ----
   IDATA SIZE       =   ----    ----
   BIT SIZE         =   ----    ----
END OF MODULE INFORMATION.


C51 COMPILATION COMPLETE.  0 WARNING(S),  0 ERROR(S)
