C51 COMPILER V9.01   MAIN                                                                  09/04/2020 17:31:57 PAGE 1   


C51 COMPILER V9.01, COMPILATION OF MODULE MAIN
OBJECT MODULE PLACED IN .\main.obj
COMPILER INVOKED BY: S:\Keil\C51\BIN\C51.EXE ..\c_and_h\main.c BROWSE INCDIR(..\c_and_h) DEBUG OBJECTEXTEND PRINT(.\main
                    -.lst) OBJECT(.\main.obj)

line level    source

   1          #include <all.h>
   2          
   3          void init_interrupt(void);
   4          void seg_data_allow(); // 数码管服务数据分配
   5          
   6          u16 ms = 0; // 毫秒计数器
   7          u8 se = 0; // 秒计数器
   8          u8 min = 0; // 分计数器
   9          u8 hour = 0; // 时计数器
  10          
  11          u16 segNum = 0; // 数码管显示的数据
  12          
  13          void main(void)
  14          {
  15   1          init_interrupt();
  16   1          while(1)
  17   1          {
  18   2              seg_data_allow();
  19   2              seg_dispaly();
  20   2          }
  21   1      }
  22          
  23          /**
  24           * 数码管数据分配
  25           */
  26          void seg_data_allow()
  27          {
  28   1          init_dec_data(segNum++);
  29   1          while(se % 2 == 0);
  30   1      }
  31          
  32          /**
  33           * 1秒任务
  34          void sec_task()
  35          {
  36          }
  37          void ms_task()
  38          {
  39              static u16 i = ms;
  40          }
  41          */
  42          
  43          
  44          /**
  45           * 定时器中断初始化
  46           */
  47          void init_interrupt(void)
  48          {
  49   1          EA = 1; // 打开中断总开关
  50   1          ET0 = 1; // 定时器0中断使能
  51   1      
  52   1          // 设置定时器允许方式1
  53   1          TMOD |= 0x01; 
  54   1      
C51 COMPILER V9.01   MAIN                                                                  09/04/2020 17:31:57 PAGE 2   

  55   1          // th0 tl0赋初始值,1ms
  56   1          // 1个机器周期等于12个震荡周期，震荡周期为1/12MHZ; 1us = 12 * 1/12;
  57   1          // 1ms = 1000 * 1us
  58   1          // 16位计时器初值设置 = 65535 -1000 + 1;
  59   1          TH0 = 0XFC;
  60   1          TL0 = 0x18;
  61   1      
  62   1          TR0=1; // 打开计时器开始计时
  63   1      }
  64          
  65          /**
  66           * 定时器0中断方法
  67           * */
  68          void time0() interrupt 1
  69          {
  70   1          TH0 = 0XFC;
  71   1          TL0 = 0x18;
  72   1      
  73   1          //ms_task();
  74   1          if (++ms%1000 == 0) 
  75   1          {
  76   2              ms = 0;
  77   2              //sec_task();
  78   2              if(++se%60 == 0)
  79   2              {
  80   3                  se = 0;
  81   3                  if(++min%60==0)
  82   3                  {
  83   4                      min = 0;
  84   4                  }
  85   3              }
  86   2          }
  87   1      }
  88          
  89          
  90          


MODULE INFORMATION:   STATIC OVERLAYABLE
   CODE SIZE        =    142    ----
   CONSTANT SIZE    =   ----    ----
   XDATA SIZE       =   ----    ----
   PDATA SIZE       =   ----    ----
   DATA SIZE        =      7    ----
   IDATA SIZE       =   ----    ----
   BIT SIZE         =   ----    ----
END OF MODULE INFORMATION.


C51 COMPILATION COMPLETE.  0 WARNING(S),  0 ERROR(S)
