C51 COMPILER V9.01   MAIN                                                                  08/11/2020 16:37:06 PAGE 1   


C51 COMPILER V9.01, COMPILATION OF MODULE MAIN
OBJECT MODULE PLACED IN main.OBJ
COMPILER INVOKED BY: S:\Keil\C51\BIN\C51.EXE main.c BROWSE DEBUG OBJECTEXTEND

line level    source

   1          #include "reg52.h"
   2          #include <intrins.h>
   3          
   4          #define LED P2
   5          
   6          typedef unsigned int u16;
   7          typedef unsigned char u8;
   8          
   9          /**
  10           * 实验1:点亮发光二极管
  11           *
  12           */
  13          sbit led0 = P2^0;
  14          void delay(u16);
  15          
  16          void main(void)
  17          {
  18   1          
  19   1          u16 delay_u_sec; // 延时变量
  20   1          int i;
  21   1           while(1)
  22   1           {
  23   2              LED = ~0x01; // 0xfe
  24   2              delay_u_sec = 50000;
  25   2              for(i = 0; i < 8; i++)
  26   2              {
  27   3                  LED = ~(0x01<<i);
  28   3                  delay(delay_u_sec);
  29   3              }
  30   2           }
  31   1           
  32   1      }
  33          
  34          
  35          /**
  36           * i = 1,大约延时10us
  37           */
  38          void delay(u16 i)
  39          {
  40   1          while(i--);
  41   1      }


MODULE INFORMATION:   STATIC OVERLAYABLE
   CODE SIZE        =     69    ----
   CONSTANT SIZE    =   ----    ----
   XDATA SIZE       =   ----    ----
   PDATA SIZE       =   ----    ----
   DATA SIZE        =   ----       4
   IDATA SIZE       =   ----    ----
   BIT SIZE         =   ----    ----
END OF MODULE INFORMATION.


C51 COMPILATION COMPLETE.  0 WARNING(S),  0 ERROR(S)
