C51 COMPILER V9.01   HC595_DRIVER                                                          09/02/2020 15:16:10 PAGE 1   


C51 COMPILER V9.01, COMPILATION OF MODULE HC595_DRIVER
OBJECT MODULE PLACED IN .\HC595_Driver.obj
COMPILER INVOKED BY: S:\Keil\C51\BIN\C51.EXE ..\c_and_h\HC595_Driver.c BROWSE INCDIR(..\c_and_h) DEBUG OBJECTEXTEND PRIN
                    -T(.\HC595_Driver.lst) OBJECT(.\HC595_Driver.obj)

line level    source

   1          #include "all.h"
   2          
   3          u8 data HC595_Wirte_Buffer[2];
   4          void HC595_Init(void)
   5          {
   6   1          // some code
   7   1          // u8 a = 10;
   8   1      
   9   1          // P2 = HC595_Wirte_Buffer[1];
  10   1      }
  11          


MODULE INFORMATION:   STATIC OVERLAYABLE
   CODE SIZE        =      1    ----
   CONSTANT SIZE    =   ----    ----
   XDATA SIZE       =   ----    ----
   PDATA SIZE       =   ----    ----
   DATA SIZE        =      2    ----
   IDATA SIZE       =   ----    ----
   BIT SIZE         =   ----    ----
END OF MODULE INFORMATION.


C51 COMPILATION COMPLETE.  0 WARNING(S),  0 ERROR(S)
