C51 COMPILER V9.01   MAIN                                                                  08/13/2020 11:15:49 PAGE 1   


C51 COMPILER V9.01, COMPILATION OF MODULE MAIN
OBJECT MODULE PLACED IN main.OBJ
COMPILER INVOKED BY: S:\Keil\C51\BIN\C51.EXE main.c BROWSE DEBUG OBJECTEXTEND

line level    source

   1          /**
   2           * 显示数码管
   3           */
   4          #include <reg52.h>
   5          
   6          typedef unsigned int u16;
   7          typedef unsigned char u8;
   8          
   9          void delay(u16);
  10          void display_all_digital();
  11          void display_digital(u8,u8);
  12          
  13          // 设置片选锁存器74HC138D
  14          sbit sc_A = P2^2;
  15          sbit sc_B = P2^3;
  16          sbit sc_C = P2^4;
  17          
  18          // 设置段选锁存器
  19          
  20          // 设置数码管编码
  21          u8 code smgduan[17] = {
  22              0x3F,0x06,0x5B,0x4F,0x66,0x6D,0x7D,0x07,0x7F,
  23              0x6F,0x77,0x7C,0x39,0x5E,0x79,0x71
  24          };
  25          
  26          // 计算出第几个数码管 0xff - (n * 4)
  27          
  28          void main(void)
  29          {
  30   1          while(1)
  31   1          {
  32   2              // display_all_digital();
  33   2              display_digital(2,15);
  34   2          }
  35   1      }
  36          
  37          /**
  38           * 显示指定单个数码管
  39           * 参数: 
  40           *  n指定点亮第几个数码管,从0开始计数
  41           *  num指定显示数字，从0开始计数
  42           */
  43          void display_digital(u8 n,u8 num)
  44          {
  45   1          u8 idx = 0xff - (n * 4);
  46   1          P2 &= idx;
  47   1          P0 = smgduan[num];
  48   1      }
  49          
  50          /**
  51           * 显示所有的数码管
  52           */
  53          void display_all_digital(void)
  54          {
  55   1      
C51 COMPILER V9.01   MAIN                                                                  08/13/2020 11:15:49 PAGE 2   

  56   1          // 选中第一个数码管
  57   1          /*
  58   1          sc_A = 0x01;
  59   1          sc_B = 0x00; 
  60   1          sc_C = 0x01; 
  61   1          P0 = smgduan[0];
  62   1          */
  63   1          char i,idx;
  64   1          P2 = 0xFF;
  65   1          P0 = smgduan[0];
  66   1          idx = 0;
  67   1          for(i=-5; i >= -33; )
  68   1          {           
  69   2              P0 = smgduan[idx++];
  70   2              delay(100);
  71   2              P0 = 0x0;
  72   2              P2 = i;
  73   2              i = i - 4;
  74   2              if(idx > 16)idx = 0;
  75   2          }
  76   1      }
  77          
  78          void delay(u16 us)
  79          {
  80   1          while(us--);
  81   1      }


MODULE INFORMATION:   STATIC OVERLAYABLE
   CODE SIZE        =    122    ----
   CONSTANT SIZE    =     17    ----
   XDATA SIZE       =   ----    ----
   PDATA SIZE       =   ----    ----
   DATA SIZE        =   ----       2
   IDATA SIZE       =   ----    ----
   BIT SIZE         =   ----    ----
END OF MODULE INFORMATION.


C51 COMPILATION COMPLETE.  0 WARNING(S),  0 ERROR(S)
