C51 COMPILER V9.01   MAIN                                                                  08/13/2020 12:43:37 PAGE 1   


C51 COMPILER V9.01, COMPILATION OF MODULE MAIN
OBJECT MODULE PLACED IN main.OBJ
COMPILER INVOKED BY: S:\Keil\C51\BIN\C51.EXE main.c BROWSE DEBUG OBJECTEXTEND

line level    source

   1          /**
   2           * 独立按键实验
   3           */
   4          #include <reg52.h>
   5          
   6          typedef unsigned int u16;
   7          typedef unsigned char u8;
   8          
   9          void display_digital(u8,u8);
  10          void delay(u16);
  11          
  12          sbit key1 = P3^1;
  13          
  14          // 设置数码管编码
  15          u8 code smgduan[16] = {
  16              0x3F/*0*/,0x06/*1*/,0x5B/*2*/,0x4F/*3*/,
  17              0x66/*4*/,0x6D/*5*/,0x7D/*6*/,0x07/*7*/,
  18              0x7F/*8*/,0x6F/*9*/,0x77/*A*/,0x7C/*B*/,
  19              0x39/*C*/,0x5E/*D*/,0x79/*E*/,0x71/*F*/
  20          };
  21          
  22          u8 smgduan_len = sizeof(smgduan) / sizeof(smgduan[0]);
  23          
  24          void main(void)
  25          {
  26   1          
  27   1          u8 num;
  28   1          num = 0;
  29   1          display_digital(0,num);
  30   1          while(1)
  31   1          {
  32   2              if(key1 == 0)
  33   2              {
  34   3                  delay(10000);
  35   3                  num++;
  36   3                  if(num > smgduan_len - 1) num = 0; 
  37   3                  delay(10000);
  38   3                  while(!key1);
  39   3                  display_digital(0,num);
  40   3              }
  41   2          }
  42   1      }
  43          
  44          /**
  45           * 显示指定单个数码管
  46           * 参数: 
  47           *  n指定点亮第几个数码管,从0开始计数
  48           *  num指定显示数字，从0开始计数
  49           */
  50          void display_digital(u8 n,u8 num)
  51          {
  52   1          u8 idx = 0xff - (n * 4);
  53   1          P2 &= idx;
  54   1          P0 = smgduan[num];
  55   1      }
C51 COMPILER V9.01   MAIN                                                                  08/13/2020 12:43:37 PAGE 2   

  56          
  57          void delay(u16 us)
  58          {
  59   1          while(us--);
  60   1      }


MODULE INFORMATION:   STATIC OVERLAYABLE
   CODE SIZE        =     84    ----
   CONSTANT SIZE    =     16    ----
   XDATA SIZE       =   ----    ----
   PDATA SIZE       =   ----    ----
   DATA SIZE        =      1       1
   IDATA SIZE       =   ----    ----
   BIT SIZE         =   ----    ----
END OF MODULE INFORMATION.


C51 COMPILATION COMPLETE.  0 WARNING(S),  0 ERROR(S)
