C51 COMPILER V9.01   I2C                                                                   08/31/2020 16:20:19 PAGE 1   


C51 COMPILER V9.01, COMPILATION OF MODULE I2C
OBJECT MODULE PLACED IN i2c.OBJ
COMPILER INVOKED BY: S:\Keil\C51\BIN\C51.EXE i2c.c BROWSE DEBUG OBJECTEXTEND

line level    source

   1          /**
   2           * ic2串口协议实验
   3           * 将数据持久写入24c02芯片上
   4           * 在通过独立按键读写数据
   5           */
   6          
   7          #include "i2c.h"
   8          
   9          
  10          void init_interrupt(void); // 定时器中断初始化
  11          void task_10mil(void); // 10微秒任务
  12          
  13          u16 umil = 0; // 微秒数
  14          
  15          /**
  16           * 延时10us
  17           */
  18          void delay10us(void)
  19          {
  20   1          u8 a,b;
  21   1          for(b = 1; b>0;b--)
  22   1              for(a = 2; a > 0; a--);
  23   1      }
  24          
  25          void i2cStart(void)
  26          {
  27   1          SDA = 1;
  28   1          delay10us();
  29   1          SCL = 1;
  30   1          delay10us();
  31   1          SCL = 0;
  32   1          delay10us();
  33   1          SCL = 0;
  34   1          delay10us();
  35   1      }
  36          
  37          u8 i2cSend(u8 dat)
  38          {
  39   1          u8 a=0,b=0;
  40   1          for(a = 0; a < 8; a++)
  41   1          {
  42   2              SDA = dat >> 7;
  43   2              dat = dat << 1;
  44   2              SCL = 1;
  45   2              delay10us();
  46   2              SCL = 0;
  47   2              delay10us();
  48   2          }
  49   1          SDA = 1;
  50   1          delay10us();
  51   1          SCL = 1;
  52   1          while(SDA) //  等待应答
  53   1          {
  54   2              b++;
  55   2              if (b > 200)  
C51 COMPILER V9.01   I2C                                                                   08/31/2020 16:20:19 PAGE 2   

  56   2              {
  57   3                  SCL = 0;
  58   3                  delay10us();
  59   3                  return 0;
  60   3              }
  61   2          }
  62   1          SCL = 0;
  63   1          delay10us();
  64   1          return 1;
  65   1      }
  66          
  67          u8 i2cRead()
  68          {
  69   1          u8 a = 0, dat = 0;
  70   1          SDA = 1;
  71   1          delay10us();
  72   1          for(a = 0; a < 8; a++)
  73   1          {
  74   2              SCL = 1;
  75   2              delay10us();
  76   2              dat<<=1;
  77   2              dat|=SDA;
  78   2              delay10us();
  79   2              SCL=0;
  80   2              delay10us();
  81   2          }
  82   1          return dat;
  83   1      }
  84          
  85          void At24c02Write(u8 addr,u8 dat)
  86          {
  87   1          i2cStart();
  88   1          i2cSend(0xa0);//发送写器件地址
  89   1          i2cSend(addr);//发送要写入内存地址
  90   1          i2cSend(dat); //发送数据
  91   1          i2cStop();
  92   1      }
  93          
  94          u8 At24c02Read(u8 addr)
  95          {
  96   1          u8 num;
  97   1          i2cStart();
  98   1          i2cSend(0xa0); //发送写器件地址
  99   1          i2cSend(addr); //发送要读取的地址
 100   1          i2cStart();
 101   1          i2cSend(0xa1); //发送读器件地址
 102   1          num=i2cRead(); //读取数据
 103   1          i2cStop();
 104   1          return num;
 105   1      }
 106          
 107          
 108          /**
 109           * i2c传输结束
 110           */
 111          void i2cStop(void)
 112          {
 113   1          SDA = 0;
 114   1          delay10us();
 115   1          SCL = 1;
 116   1          delay10us();
 117   1          SDA = 1;
C51 COMPILER V9.01   I2C                                                                   08/31/2020 16:20:19 PAGE 3   

 118   1          delay10us();
 119   1      }
 120          
 121          
 122          


MODULE INFORMATION:   STATIC OVERLAYABLE
   CODE SIZE        =    196    ----
   CONSTANT SIZE    =   ----    ----
   XDATA SIZE       =   ----    ----
   PDATA SIZE       =   ----    ----
   DATA SIZE        =      2       1
   IDATA SIZE       =   ----    ----
   BIT SIZE         =   ----    ----
END OF MODULE INFORMATION.


C51 COMPILATION COMPLETE.  0 WARNING(S),  0 ERROR(S)
