C51 COMPILER V9.01   MAIN                                                                  08/31/2020 16:20:20 PAGE 1   


C51 COMPILER V9.01, COMPILATION OF MODULE MAIN
OBJECT MODULE PLACED IN main.OBJ
COMPILER INVOKED BY: S:\Keil\C51\BIN\C51.EXE main.c BROWSE DEBUG OBJECTEXTEND

line level    source

   1          #include "reg52.h"
   2          #include "i2c.h"
   3          
   4          sbit LSA=P2^2;
   5          sbit LSB=P2^3;
   6          sbit LSC=P2^4;
   7          sbit k1=P3^1;
   8          sbit k2=P3^0;
   9          sbit k3=P3^2;
  10          sbit k4=P3^3; //定义按键端口
  11          
  12          char num=0;
  13          u8 disp[4];
  14          u8 code smgduan[10]={0x3f,0x06,0x5b,0x4f,0x66,0x6d,0x7d,0x07,0x7f,0x6f};
  15          
  16          void delay(u16 i)
  17          {
  18   1          while(i--);
  19   1      }
  20          void Keypros()
  21          {
  22   1          if(k1==0)
  23   1          {
  24   2              delay(1000); //消抖处理
  25   2              if(k1==0)
  26   2              {
  27   3                  At24c02Write(1,num); //在地址1 内写入数据num
  28   3              }
  29   2              while(!k1);
  30   2          }
  31   1          if(k2==0)
  32   1          {
  33   2              delay(1000); //消抖处理
  34   2              if(k2==0)
  35   2              {
  36   3                  num=At24c02Read(1); //读取EEPROM 地址1 内的数据保存在 num 中
  37   3              }
  38   2              while(!k2);
  39   2          }
  40   1          if(k3==0)
  41   1          {
  42   2              delay(100); //消抖处理
  43   2              if(k3==0)
  44   2              {
  45   3                  num++; //数据加1
  46   3                  if(num>255)num=0;
  47   3              }
  48   2              while(!k3);
  49   2          }
  50   1          if(k4==0)
  51   1          {
  52   2              delay(1000); //消抖处理
  53   2              if(k4==0)
  54   2              {
  55   3                  num=0; //数据清零
C51 COMPILER V9.01   MAIN                                                                  08/31/2020 16:20:20 PAGE 2   

  56   3              }
  57   2              while(!k4);
  58   2          }
  59   1      }
  60          
  61          void datapros()
  62          {
  63   1          disp[0]=smgduan[num/1000];//千位
  64   1          disp[1]=smgduan[num%1000/100];//百位
  65   1          disp[2]=smgduan[num%1000%100/10];//个位
  66   1          disp[3]=smgduan[num%1000%100%10];
  67   1      }
  68          void DigDisplay()
  69          {
  70   1          u8 i;
  71   1          for(i=0;i<4;i++)
  72   1          {
  73   2              switch(i) //位选，选择点亮的数码管，
  74   2              {
  75   3                  case(0):
  76   3                      LSA=1;LSB=1;LSC=0; break;//显示第0 位
  77   3                  case(1):
  78   3                      LSA=0;LSB=1;LSC=0; break;//显示第1 位
  79   3                  case(2):
  80   3                      LSA=1;LSB=0;LSC=0; break;//显示第2 位
  81   3                  case(3):
  82   3                      LSA=0;LSB=0;LSC=0; break;//显示第3 位
  83   3              }
  84   2              P0=disp[i];//发送数据
  85   2              delay(100); //间隔一段时间扫描
  86   2              P0=0x00;//消隐
  87   2          }
  88   1      }
  89          
  90          void main()
  91          {
  92   1          while(1)
  93   1          {
  94   2              Keypros(); //按键处理函数
  95   2              datapros(); //数据处理函数
  96   2              DigDisplay();//数码管显示函数
  97   2          }
  98   1      }


MODULE INFORMATION:   STATIC OVERLAYABLE
   CODE SIZE        =    316    ----
   CONSTANT SIZE    =     10    ----
   XDATA SIZE       =   ----    ----
   PDATA SIZE       =   ----    ----
   DATA SIZE        =      5    ----
   IDATA SIZE       =   ----    ----
   BIT SIZE         =   ----    ----
END OF MODULE INFORMATION.


C51 COMPILATION COMPLETE.  0 WARNING(S),  0 ERROR(S)
